Starting FoodmarketApplication on LAPTOP-FOKPE9RJ with PID 16772 (C:\ConcordiaCode\soen487\a3\foodmarket-backend\target\classes started by jerry in C:\ConcordiaCode\soen487\a3\foodmarket-backend)
No active profile set, falling back to default profiles: default
Bootstrapping Spring Data JPA repositories in DEFAULT mode.
Finished Spring Data repository scanning in 52ms. Found 5 JPA repository interfaces.
Tomcat initialized with port(s): 8080 (http)
Starting service [Tomcat]
Starting Servlet engine: [Apache Tomcat/9.0.33]
Initializing Spring embedded WebApplicationContext
Root WebApplicationContext: initialization completed in 998 ms
HHH000204: Processing PersistenceUnitInfo [name: default]
HHH000412: Hibernate ORM core version 5.4.12.Final
HCANN000001: Hibernate Commons Annotations {5.1.0.Final}
HikariPool-1 - Starting...
HikariPool-1 - Start completed.
HHH000400: Using dialect: org.hibernate.dialect.MySQL8Dialect
HHH000490: Using JtaPlatform implementation: [org.hibernate.engine.transaction.jta.platform.internal.NoJtaPlatform]
Initialized JPA EntityManagerFactory for persistence unit 'default'
spring.jpa.open-in-view is enabled by default. Therefore, database queries may be performed during view rendering. Explicitly configure spring.jpa.open-in-view to disable this warning
Initializing ExecutorService 'applicationTaskExecutor'
Tomcat started on port(s): 8080 (http) with context path ''
Started FoodmarketApplication in 3.222 seconds (JVM running for 4.029)
Starting FoodmarketApplication on LAPTOP-FOKPE9RJ with PID 14832 (C:\ConcordiaCode\soen487\a3\foodmarket-backend\target\classes started by jerry in C:\ConcordiaCode\soen487\a3\foodmarket-backend)
No active profile set, falling back to default profiles: default
Bootstrapping Spring Data JPA repositories in DEFAULT mode.
Finished Spring Data repository scanning in 57ms. Found 5 JPA repository interfaces.
Tomcat initialized with port(s): 8080 (http)
Starting service [Tomcat]
Starting Servlet engine: [Apache Tomcat/9.0.33]
Initializing Spring embedded WebApplicationContext
Root WebApplicationContext: initialization completed in 993 ms
HHH000204: Processing PersistenceUnitInfo [name: default]
HHH000412: Hibernate ORM core version 5.4.12.Final
HCANN000001: Hibernate Commons Annotations {5.1.0.Final}
HikariPool-1 - Starting...
HikariPool-1 - Start completed.
HHH000400: Using dialect: org.hibernate.dialect.MySQL8Dialect
HHH000490: Using JtaPlatform implementation: [org.hibernate.engine.transaction.jta.platform.internal.NoJtaPlatform]
Initialized JPA EntityManagerFactory for persistence unit 'default'
spring.jpa.open-in-view is enabled by default. Therefore, database queries may be performed during view rendering. Explicitly configure spring.jpa.open-in-view to disable this warning
Initializing ExecutorService 'applicationTaskExecutor'
Tomcat started on port(s): 8080 (http) with context path ''
Started FoodmarketApplication in 3.282 seconds (JVM running for 4.032)
