Starting FoodmarketApplication on LAPTOP-FOKPE9RJ with PID 12264 (C:\ConcordiaCode\soen487\a3\foodmarket-backend\target\classes started by jerry in C:\ConcordiaCode\soen487\a3\foodmarket-backend)
No active profile set, falling back to default profiles: default
Bootstrapping Spring Data JPA repositories in DEFAULT mode.
Finished Spring Data repository scanning in 64ms. Found 5 JPA repository interfaces.
Tomcat initialized with port(s): 8080 (http)
Starting service [Tomcat]
Starting Servlet engine: [Apache Tomcat/9.0.33]
Initializing Spring embedded WebApplicationContext
Root WebApplicationContext: initialization completed in 1521 ms
HHH000204: Processing PersistenceUnitInfo [name: default]
HHH000412: Hibernate ORM core version 5.4.12.Final
HCANN000001: Hibernate Commons Annotations {5.1.0.Final}
HikariPool-1 - Starting...
HikariPool-1 - Start completed.
HHH000400: Using dialect: org.hibernate.dialect.MySQL8Dialect
HHH000490: Using JtaPlatform implementation: [org.hibernate.engine.transaction.jta.platform.internal.NoJtaPlatform]
Initialized JPA EntityManagerFactory for persistence unit 'default'
spring.jpa.open-in-view is enabled by default. Therefore, database queries may be performed during view rendering. Explicitly configure spring.jpa.open-in-view to disable this warning
Initializing ExecutorService 'applicationTaskExecutor'
Tomcat started on port(s): 8080 (http) with context path ''
Started FoodmarketApplication in 4.406 seconds (JVM running for 5.624)
Initializing Spring DispatcherServlet 'dispatcherServlet'
Initializing Servlet 'dispatcherServlet'
Completed initialization in 8 ms
HikariPool-1 - Thread starvation or clock leap detected (housekeeper delta=2m44s370ms659µs500ns).
Starting FoodmarketApplication on LAPTOP-FOKPE9RJ with PID 14640 (C:\ConcordiaCode\soen487\a3\foodmarket-backend\target\classes started by jerry in C:\ConcordiaCode\soen487\a3\foodmarket-backend)
No active profile set, falling back to default profiles: default
Bootstrapping Spring Data JPA repositories in DEFAULT mode.
Finished Spring Data repository scanning in 83ms. Found 5 JPA repository interfaces.
Tomcat initialized with port(s): 8080 (http)
Starting service [Tomcat]
Starting Servlet engine: [Apache Tomcat/9.0.33]
Initializing Spring embedded WebApplicationContext
Root WebApplicationContext: initialization completed in 1534 ms
HHH000204: Processing PersistenceUnitInfo [name: default]
HHH000412: Hibernate ORM core version 5.4.12.Final
HCANN000001: Hibernate Commons Annotations {5.1.0.Final}
HikariPool-1 - Starting...
HikariPool-1 - Start completed.
HHH000400: Using dialect: org.hibernate.dialect.MySQL8Dialect
HHH000490: Using JtaPlatform implementation: [org.hibernate.engine.transaction.jta.platform.internal.NoJtaPlatform]
Initialized JPA EntityManagerFactory for persistence unit 'default'
spring.jpa.open-in-view is enabled by default. Therefore, database queries may be performed during view rendering. Explicitly configure spring.jpa.open-in-view to disable this warning
Initializing ExecutorService 'applicationTaskExecutor'
Tomcat started on port(s): 8080 (http) with context path ''
Started FoodmarketApplication in 4.347 seconds (JVM running for 5.69)
Initializing Spring DispatcherServlet 'dispatcherServlet'
Initializing Servlet 'dispatcherServlet'
Completed initialization in 6 ms
Shutting down ExecutorService 'applicationTaskExecutor'
Closing JPA EntityManagerFactory for persistence unit 'default'
HikariPool-1 - Shutdown initiated...
HikariPool-1 - Shutdown completed.
Starting FoodmarketApplication on LAPTOP-FOKPE9RJ with PID 10824 (C:\ConcordiaCode\soen487\a3\foodmarket-backend\target\classes started by jerry in C:\ConcordiaCode\soen487\a3\foodmarket-backend)
No active profile set, falling back to default profiles: default
Bootstrapping Spring Data JPA repositories in DEFAULT mode.
Finished Spring Data repository scanning in 61ms. Found 5 JPA repository interfaces.
Tomcat initialized with port(s): 8080 (http)
Starting service [Tomcat]
Starting Servlet engine: [Apache Tomcat/9.0.33]
Initializing Spring embedded WebApplicationContext
Root WebApplicationContext: initialization completed in 1044 ms
HHH000204: Processing PersistenceUnitInfo [name: default]
HHH000412: Hibernate ORM core version 5.4.12.Final
HCANN000001: Hibernate Commons Annotations {5.1.0.Final}
HikariPool-1 - Starting...
HikariPool-1 - Start completed.
HHH000400: Using dialect: org.hibernate.dialect.MySQL8Dialect
HHH000490: Using JtaPlatform implementation: [org.hibernate.engine.transaction.jta.platform.internal.NoJtaPlatform]
Initialized JPA EntityManagerFactory for persistence unit 'default'
spring.jpa.open-in-view is enabled by default. Therefore, database queries may be performed during view rendering. Explicitly configure spring.jpa.open-in-view to disable this warning
Initializing ExecutorService 'applicationTaskExecutor'
Tomcat started on port(s): 8080 (http) with context path ''
Started FoodmarketApplication in 3.904 seconds (JVM running for 5.14)
Initializing Spring DispatcherServlet 'dispatcherServlet'
Initializing Servlet 'dispatcherServlet'
Completed initialization in 6 ms
HikariPool-1 - Thread starvation or clock leap detected (housekeeper delta=45s991ms40µs200ns).
Shutting down ExecutorService 'applicationTaskExecutor'
Closing JPA EntityManagerFactory for persistence unit 'default'
HikariPool-1 - Shutdown initiated...
HikariPool-1 - Shutdown completed.
Starting FoodmarketApplication on LAPTOP-FOKPE9RJ with PID 1676 (C:\ConcordiaCode\soen487\a3\foodmarket-backend\target\classes started by jerry in C:\ConcordiaCode\soen487\a3\foodmarket-backend)
No active profile set, falling back to default profiles: default
Bootstrapping Spring Data JPA repositories in DEFAULT mode.
Finished Spring Data repository scanning in 70ms. Found 5 JPA repository interfaces.
Tomcat initialized with port(s): 8080 (http)
Starting service [Tomcat]
Starting Servlet engine: [Apache Tomcat/9.0.33]
Initializing Spring embedded WebApplicationContext
Root WebApplicationContext: initialization completed in 1218 ms
HHH000204: Processing PersistenceUnitInfo [name: default]
HHH000412: Hibernate ORM core version 5.4.12.Final
HCANN000001: Hibernate Commons Annotations {5.1.0.Final}
HikariPool-1 - Starting...
HikariPool-1 - Start completed.
HHH000400: Using dialect: org.hibernate.dialect.MySQL8Dialect
HHH000490: Using JtaPlatform implementation: [org.hibernate.engine.transaction.jta.platform.internal.NoJtaPlatform]
Initialized JPA EntityManagerFactory for persistence unit 'default'
spring.jpa.open-in-view is enabled by default. Therefore, database queries may be performed during view rendering. Explicitly configure spring.jpa.open-in-view to disable this warning
Initializing ExecutorService 'applicationTaskExecutor'
Tomcat started on port(s): 8080 (http) with context path ''
Started FoodmarketApplication in 4.739 seconds (JVM running for 6.298)
Initializing Spring DispatcherServlet 'dispatcherServlet'
Initializing Servlet 'dispatcherServlet'
Completed initialization in 8 ms
HikariPool-1 - Thread starvation or clock leap detected (housekeeper delta=1m30s594ms682µs100ns).
Shutting down ExecutorService 'applicationTaskExecutor'
Closing JPA EntityManagerFactory for persistence unit 'default'
HikariPool-1 - Shutdown initiated...
HikariPool-1 - Shutdown completed.
Starting FoodmarketApplication on LAPTOP-FOKPE9RJ with PID 6324 (C:\ConcordiaCode\soen487\a3\foodmarket-backend\target\classes started by jerry in C:\ConcordiaCode\soen487\a3\foodmarket-backend)
No active profile set, falling back to default profiles: default
Bootstrapping Spring Data JPA repositories in DEFAULT mode.
Finished Spring Data repository scanning in 60ms. Found 5 JPA repository interfaces.
Tomcat initialized with port(s): 8080 (http)
Starting service [Tomcat]
Starting Servlet engine: [Apache Tomcat/9.0.33]
Initializing Spring embedded WebApplicationContext
Root WebApplicationContext: initialization completed in 1036 ms
HHH000204: Processing PersistenceUnitInfo [name: default]
HHH000412: Hibernate ORM core version 5.4.12.Final
HCANN000001: Hibernate Commons Annotations {5.1.0.Final}
HikariPool-1 - Starting...
HikariPool-1 - Start completed.
HHH000400: Using dialect: org.hibernate.dialect.MySQL8Dialect
HHH000490: Using JtaPlatform implementation: [org.hibernate.engine.transaction.jta.platform.internal.NoJtaPlatform]
Initialized JPA EntityManagerFactory for persistence unit 'default'
spring.jpa.open-in-view is enabled by default. Therefore, database queries may be performed during view rendering. Explicitly configure spring.jpa.open-in-view to disable this warning
Initializing ExecutorService 'applicationTaskExecutor'
Tomcat started on port(s): 8080 (http) with context path ''
Started FoodmarketApplication in 3.757 seconds (JVM running for 4.747)
Initializing Spring DispatcherServlet 'dispatcherServlet'
Initializing Servlet 'dispatcherServlet'
Completed initialization in 5 ms
Shutting down ExecutorService 'applicationTaskExecutor'
Closing JPA EntityManagerFactory for persistence unit 'default'
HikariPool-1 - Shutdown initiated...
HikariPool-1 - Shutdown completed.
Starting FoodmarketApplication on LAPTOP-FOKPE9RJ with PID 12828 (C:\ConcordiaCode\soen487\a3\foodmarket-backend\target\classes started by jerry in C:\ConcordiaCode\soen487\a3\foodmarket-backend)
No active profile set, falling back to default profiles: default
Bootstrapping Spring Data JPA repositories in DEFAULT mode.
Finished Spring Data repository scanning in 93ms. Found 5 JPA repository interfaces.
Tomcat initialized with port(s): 8080 (http)
Starting service [Tomcat]
Starting Servlet engine: [Apache Tomcat/9.0.33]
Initializing Spring embedded WebApplicationContext
Root WebApplicationContext: initialization completed in 1577 ms
HHH000204: Processing PersistenceUnitInfo [name: default]
HHH000412: Hibernate ORM core version 5.4.12.Final
HCANN000001: Hibernate Commons Annotations {5.1.0.Final}
HikariPool-1 - Starting...
HikariPool-1 - Start completed.
HHH000400: Using dialect: org.hibernate.dialect.MySQL8Dialect
HHH000490: Using JtaPlatform implementation: [org.hibernate.engine.transaction.jta.platform.internal.NoJtaPlatform]
Initialized JPA EntityManagerFactory for persistence unit 'default'
spring.jpa.open-in-view is enabled by default. Therefore, database queries may be performed during view rendering. Explicitly configure spring.jpa.open-in-view to disable this warning
Initializing ExecutorService 'applicationTaskExecutor'
Tomcat started on port(s): 8080 (http) with context path ''
Started FoodmarketApplication in 5.247 seconds (JVM running for 6.459)
Initializing Spring DispatcherServlet 'dispatcherServlet'
Initializing Servlet 'dispatcherServlet'
Completed initialization in 7 ms
HikariPool-1 - Thread starvation or clock leap detected (housekeeper delta=1m17s214ms460µs900ns).
HikariPool-1 - Thread starvation or clock leap detected (housekeeper delta=1m7s120ms735µs300ns).
Shutting down ExecutorService 'applicationTaskExecutor'
Closing JPA EntityManagerFactory for persistence unit 'default'
HikariPool-1 - Shutdown initiated...
HikariPool-1 - Shutdown completed.
Starting FoodmarketApplication on LAPTOP-FOKPE9RJ with PID 16604 (C:\ConcordiaCode\soen487\a3\foodmarket-backend\target\classes started by jerry in C:\ConcordiaCode\soen487\a3\foodmarket-backend)
No active profile set, falling back to default profiles: default
Bootstrapping Spring Data JPA repositories in DEFAULT mode.
Finished Spring Data repository scanning in 62ms. Found 5 JPA repository interfaces.
Tomcat initialized with port(s): 8080 (http)
Starting service [Tomcat]
Starting Servlet engine: [Apache Tomcat/9.0.33]
Initializing Spring embedded WebApplicationContext
Root WebApplicationContext: initialization completed in 1033 ms
HHH000204: Processing PersistenceUnitInfo [name: default]
HHH000412: Hibernate ORM core version 5.4.12.Final
HCANN000001: Hibernate Commons Annotations {5.1.0.Final}
HikariPool-1 - Starting...
HikariPool-1 - Start completed.
HHH000400: Using dialect: org.hibernate.dialect.MySQL8Dialect
HHH000490: Using JtaPlatform implementation: [org.hibernate.engine.transaction.jta.platform.internal.NoJtaPlatform]
Initialized JPA EntityManagerFactory for persistence unit 'default'
spring.jpa.open-in-view is enabled by default. Therefore, database queries may be performed during view rendering. Explicitly configure spring.jpa.open-in-view to disable this warning
Initializing ExecutorService 'applicationTaskExecutor'
Tomcat started on port(s): 8080 (http) with context path ''
Started FoodmarketApplication in 3.386 seconds (JVM running for 4.19)
Initializing Spring DispatcherServlet 'dispatcherServlet'
Initializing Servlet 'dispatcherServlet'
Completed initialization in 4 ms
Starting FoodmarketApplication on LAPTOP-FOKPE9RJ with PID 7476 (C:\ConcordiaCode\soen487\a3\foodmarket-backend\target\classes started by jerry in C:\ConcordiaCode\soen487\a3\foodmarket-backend)
No active profile set, falling back to default profiles: default
Bootstrapping Spring Data JPA repositories in DEFAULT mode.
Finished Spring Data repository scanning in 55ms. Found 5 JPA repository interfaces.
Tomcat initialized with port(s): 8080 (http)
Starting service [Tomcat]
Starting Servlet engine: [Apache Tomcat/9.0.33]
Initializing Spring embedded WebApplicationContext
Root WebApplicationContext: initialization completed in 892 ms
HHH000204: Processing PersistenceUnitInfo [name: default]
HHH000412: Hibernate ORM core version 5.4.12.Final
HCANN000001: Hibernate Commons Annotations {5.1.0.Final}
HikariPool-1 - Starting...
HikariPool-1 - Start completed.
HHH000400: Using dialect: org.hibernate.dialect.MySQL8Dialect
HHH000490: Using JtaPlatform implementation: [org.hibernate.engine.transaction.jta.platform.internal.NoJtaPlatform]
Initialized JPA EntityManagerFactory for persistence unit 'default'
spring.jpa.open-in-view is enabled by default. Therefore, database queries may be performed during view rendering. Explicitly configure spring.jpa.open-in-view to disable this warning
Initializing ExecutorService 'applicationTaskExecutor'
Tomcat started on port(s): 8080 (http) with context path ''
Started FoodmarketApplication in 3.359 seconds (JVM running for 4.462)
Initializing Spring DispatcherServlet 'dispatcherServlet'
Initializing Servlet 'dispatcherServlet'
Completed initialization in 6 ms
Starting FoodmarketApplication on LAPTOP-FOKPE9RJ with PID 2616 (C:\ConcordiaCode\soen487\a3\foodmarket-backend\target\classes started by jerry in C:\ConcordiaCode\soen487\a3\foodmarket-backend)
No active profile set, falling back to default profiles: default
Bootstrapping Spring Data JPA repositories in DEFAULT mode.
Finished Spring Data repository scanning in 52ms. Found 5 JPA repository interfaces.
Tomcat initialized with port(s): 8080 (http)
Starting service [Tomcat]
Starting Servlet engine: [Apache Tomcat/9.0.33]
Initializing Spring embedded WebApplicationContext
Root WebApplicationContext: initialization completed in 936 ms
HHH000204: Processing PersistenceUnitInfo [name: default]
HHH000412: Hibernate ORM core version 5.4.12.Final
HCANN000001: Hibernate Commons Annotations {5.1.0.Final}
HikariPool-1 - Starting...
HikariPool-1 - Start completed.
HHH000400: Using dialect: org.hibernate.dialect.MySQL8Dialect
HHH000490: Using JtaPlatform implementation: [org.hibernate.engine.transaction.jta.platform.internal.NoJtaPlatform]
Initialized JPA EntityManagerFactory for persistence unit 'default'
spring.jpa.open-in-view is enabled by default. Therefore, database queries may be performed during view rendering. Explicitly configure spring.jpa.open-in-view to disable this warning
Initializing ExecutorService 'applicationTaskExecutor'
Tomcat started on port(s): 8080 (http) with context path ''
Started FoodmarketApplication in 3.254 seconds (JVM running for 4.029)
Initializing Spring DispatcherServlet 'dispatcherServlet'
Initializing Servlet 'dispatcherServlet'
Completed initialization in 6 ms
Starting FoodmarketApplication on LAPTOP-FOKPE9RJ with PID 8548 (C:\ConcordiaCode\soen487\a3\foodmarket-backend\target\classes started by jerry in C:\ConcordiaCode\soen487\a3\foodmarket-backend)
No active profile set, falling back to default profiles: default
Bootstrapping Spring Data JPA repositories in DEFAULT mode.
Finished Spring Data repository scanning in 53ms. Found 5 JPA repository interfaces.
Tomcat initialized with port(s): 8080 (http)
Starting service [Tomcat]
Starting Servlet engine: [Apache Tomcat/9.0.33]
Initializing Spring embedded WebApplicationContext
Root WebApplicationContext: initialization completed in 975 ms
HHH000204: Processing PersistenceUnitInfo [name: default]
HHH000412: Hibernate ORM core version 5.4.12.Final
HCANN000001: Hibernate Commons Annotations {5.1.0.Final}
HikariPool-1 - Starting...
HikariPool-1 - Start completed.
HHH000400: Using dialect: org.hibernate.dialect.MySQL8Dialect
HHH000490: Using JtaPlatform implementation: [org.hibernate.engine.transaction.jta.platform.internal.NoJtaPlatform]
Initialized JPA EntityManagerFactory for persistence unit 'default'
spring.jpa.open-in-view is enabled by default. Therefore, database queries may be performed during view rendering. Explicitly configure spring.jpa.open-in-view to disable this warning
Initializing ExecutorService 'applicationTaskExecutor'
Tomcat started on port(s): 8080 (http) with context path ''
Started FoodmarketApplication in 3.278 seconds (JVM running for 4.105)
Initializing Spring DispatcherServlet 'dispatcherServlet'
Initializing Servlet 'dispatcherServlet'
Completed initialization in 8 ms
Starting FoodmarketApplication on LAPTOP-FOKPE9RJ with PID 10140 (C:\ConcordiaCode\soen487\a3\foodmarket-backend\target\classes started by jerry in C:\ConcordiaCode\soen487\a3\foodmarket-backend)
No active profile set, falling back to default profiles: default
Bootstrapping Spring Data JPA repositories in DEFAULT mode.
Finished Spring Data repository scanning in 53ms. Found 5 JPA repository interfaces.
Tomcat initialized with port(s): 8080 (http)
Starting service [Tomcat]
Starting Servlet engine: [Apache Tomcat/9.0.33]
Initializing Spring embedded WebApplicationContext
Root WebApplicationContext: initialization completed in 960 ms
HHH000204: Processing PersistenceUnitInfo [name: default]
HHH000412: Hibernate ORM core version 5.4.12.Final
HCANN000001: Hibernate Commons Annotations {5.1.0.Final}
HikariPool-1 - Starting...
HikariPool-1 - Start completed.
HHH000400: Using dialect: org.hibernate.dialect.MySQL8Dialect
HHH000490: Using JtaPlatform implementation: [org.hibernate.engine.transaction.jta.platform.internal.NoJtaPlatform]
Initialized JPA EntityManagerFactory for persistence unit 'default'
spring.jpa.open-in-view is enabled by default. Therefore, database queries may be performed during view rendering. Explicitly configure spring.jpa.open-in-view to disable this warning
Initializing ExecutorService 'applicationTaskExecutor'
Tomcat started on port(s): 8080 (http) with context path ''
Started FoodmarketApplication in 3.283 seconds (JVM running for 4.065)
Initializing Spring DispatcherServlet 'dispatcherServlet'
Initializing Servlet 'dispatcherServlet'
Completed initialization in 9 ms
Starting FoodmarketApplication on LAPTOP-FOKPE9RJ with PID 17592 (C:\ConcordiaCode\soen487\a3\foodmarket-backend\target\classes started by jerry in C:\ConcordiaCode\soen487\a3\foodmarket-backend)
No active profile set, falling back to default profiles: default
Bootstrapping Spring Data JPA repositories in DEFAULT mode.
Finished Spring Data repository scanning in 54ms. Found 5 JPA repository interfaces.
Tomcat initialized with port(s): 8080 (http)
Starting service [Tomcat]
Starting Servlet engine: [Apache Tomcat/9.0.33]
Initializing Spring embedded WebApplicationContext
Root WebApplicationContext: initialization completed in 970 ms
HHH000204: Processing PersistenceUnitInfo [name: default]
HHH000412: Hibernate ORM core version 5.4.12.Final
HCANN000001: Hibernate Commons Annotations {5.1.0.Final}
HikariPool-1 - Starting...
HikariPool-1 - Start completed.
HHH000400: Using dialect: org.hibernate.dialect.MySQL8Dialect
HHH000490: Using JtaPlatform implementation: [org.hibernate.engine.transaction.jta.platform.internal.NoJtaPlatform]
Initialized JPA EntityManagerFactory for persistence unit 'default'
spring.jpa.open-in-view is enabled by default. Therefore, database queries may be performed during view rendering. Explicitly configure spring.jpa.open-in-view to disable this warning
Initializing ExecutorService 'applicationTaskExecutor'
Tomcat started on port(s): 8080 (http) with context path ''
Started FoodmarketApplication in 3.322 seconds (JVM running for 4.194)
Initializing Spring DispatcherServlet 'dispatcherServlet'
Initializing Servlet 'dispatcherServlet'
Completed initialization in 8 ms
Starting FoodmarketApplication on LAPTOP-FOKPE9RJ with PID 2344 (C:\ConcordiaCode\soen487\a3\foodmarket-backend\target\classes started by jerry in C:\ConcordiaCode\soen487\a3\foodmarket-backend)
No active profile set, falling back to default profiles: default
Bootstrapping Spring Data JPA repositories in DEFAULT mode.
Finished Spring Data repository scanning in 65ms. Found 5 JPA repository interfaces.
Tomcat initialized with port(s): 8080 (http)
Starting service [Tomcat]
Starting Servlet engine: [Apache Tomcat/9.0.33]
Initializing Spring embedded WebApplicationContext
Root WebApplicationContext: initialization completed in 1031 ms
HHH000204: Processing PersistenceUnitInfo [name: default]
HHH000412: Hibernate ORM core version 5.4.12.Final
HCANN000001: Hibernate Commons Annotations {5.1.0.Final}
HikariPool-1 - Starting...
HikariPool-1 - Start completed.
HHH000400: Using dialect: org.hibernate.dialect.MySQL8Dialect
HHH000490: Using JtaPlatform implementation: [org.hibernate.engine.transaction.jta.platform.internal.NoJtaPlatform]
Initialized JPA EntityManagerFactory for persistence unit 'default'
spring.jpa.open-in-view is enabled by default. Therefore, database queries may be performed during view rendering. Explicitly configure spring.jpa.open-in-view to disable this warning
Initializing ExecutorService 'applicationTaskExecutor'
Tomcat started on port(s): 8080 (http) with context path ''
Started FoodmarketApplication in 4.235 seconds (JVM running for 5.014)
Initializing Spring DispatcherServlet 'dispatcherServlet'
Initializing Servlet 'dispatcherServlet'
Completed initialization in 4 ms
